<?xml version="1.0" encoding="UTF-8"?>
<testsuite name="com.polarbookshop.dispatcherservice.DispatchingFunctionsIntegrationTests" tests="1" skipped="0" failures="0" errors="0" timestamp="2024-06-15T16:48:06" hostname="MacBook-Pro-de-Daniel.local" time="0.095">
  <properties/>
  <testcase name="packAndLabelOrder()" classname="com.polarbookshop.dispatcherservice.DispatchingFunctionsIntegrationTests" time="0.095"/>
  <system-out><![CDATA[2024-06-15 13:48:06.093  INFO 2930 --- [    Test worker] o.s.t.c.support.AbstractContextLoader    : Could not detect default resource locations for test class [com.polarbookshop.dispatcherservice.DispatchingFunctionsIntegrationTests]: no resource found for suffixes {-context.xml, Context.groovy}.
2024-06-15 13:48:06.094  INFO 2930 --- [    Test worker] t.c.s.AnnotationConfigContextLoaderUtils : Could not detect default configuration classes for test class [com.polarbookshop.dispatcherservice.DispatchingFunctionsIntegrationTests]: DispatchingFunctionsIntegrationTests does not declare any static, non-private, non-final, nested classes annotated with @Configuration.
2024-06-15 13:48:06.096  INFO 2930 --- [    Test worker] .b.t.c.SpringBootTestContextBootstrapper : Found @SpringBootConfiguration com.polarbookshop.dispatcherservice.DispatcherServiceApplication for test class com.polarbookshop.dispatcherservice.DispatchingFunctionsIntegrationTests
2024-06-15 13:48:06.098  INFO 2930 --- [    Test worker] .b.t.c.SpringBootTestContextBootstrapper : Loaded default TestExecutionListener class names from location [META-INF/spring.factories]: [org.springframework.boot.test.autoconfigure.restdocs.RestDocsTestExecutionListener, org.springframework.boot.test.autoconfigure.web.client.MockRestServiceServerResetTestExecutionListener, org.springframework.boot.test.autoconfigure.web.servlet.MockMvcPrintOnlyOnFailureTestExecutionListener, org.springframework.boot.test.autoconfigure.web.servlet.WebDriverTestExecutionListener, org.springframework.boot.test.autoconfigure.webservices.client.MockWebServiceServerTestExecutionListener, org.springframework.boot.test.mock.mockito.MockitoTestExecutionListener, org.springframework.boot.test.mock.mockito.ResetMocksTestExecutionListener, org.springframework.test.context.web.ServletTestExecutionListener, org.springframework.test.context.support.DirtiesContextBeforeModesTestExecutionListener, org.springframework.test.context.event.ApplicationEventsTestExecutionListener, org.springframework.test.context.support.DependencyInjectionTestExecutionListener, org.springframework.test.context.support.DirtiesContextTestExecutionListener, org.springframework.test.context.transaction.TransactionalTestExecutionListener, org.springframework.test.context.jdbc.SqlScriptsTestExecutionListener, org.springframework.test.context.event.EventPublishingTestExecutionListener]
2024-06-15 13:48:06.100  INFO 2930 --- [    Test worker] .b.t.c.SpringBootTestContextBootstrapper : Using TestExecutionListeners: [org.springframework.test.context.support.DirtiesContextBeforeModesTestExecutionListener@21f7e537, org.springframework.test.context.event.ApplicationEventsTestExecutionListener@32ea16b7, org.springframework.boot.test.mock.mockito.MockitoTestExecutionListener@62b6c045, org.springframework.boot.test.autoconfigure.SpringBootDependencyInjectionTestExecutionListener@58f254b1, org.springframework.test.context.support.DirtiesContextTestExecutionListener@46b2dcc5, org.springframework.test.context.event.EventPublishingTestExecutionListener@240f350a, org.springframework.boot.test.autoconfigure.restdocs.RestDocsTestExecutionListener@706f6d26, org.springframework.boot.test.autoconfigure.web.client.MockRestServiceServerResetTestExecutionListener@3af2f846, org.springframework.boot.test.autoconfigure.web.servlet.MockMvcPrintOnlyOnFailureTestExecutionListener@6af65f29, org.springframework.boot.test.autoconfigure.web.servlet.WebDriverTestExecutionListener@370c9018, org.springframework.boot.test.autoconfigure.webservices.client.MockWebServiceServerTestExecutionListener@3c81cd82, org.springframework.boot.test.mock.mockito.ResetMocksTestExecutionListener@111c229c]

  .   ____          _            __ _ _
 /\\ / ___'_ __ _ _(_)_ __  __ _ \ \ \ \
( ( )\___ | '_ | '_| | '_ \/ _` | \ \ \ \
 \\/  ___)| |_)| | | | | || (_| |  ) ) ) )
  '  |____| .__|_| |_|_| |_\__, | / / / /
 =========|_|==============|___/=/_/_/_/
 :: Spring Boot ::               (v2.7.18)

======> SOURCE: class com.polarbookshop.dispatcherservice.DispatcherServiceApplication
2024-06-15 13:48:06.127  INFO 2930 --- [    Test worker] p.d.DispatchingFunctionsIntegrationTests : Starting DispatchingFunctionsIntegrationTests using Java 17.0.6 on MacBook-Pro-de-Daniel.local with PID 2930 (started by daniel in /Users/daniel/Documents/codigo_fonte/dispatcher-service)
2024-06-15 13:48:06.127  INFO 2930 --- [    Test worker] p.d.DispatchingFunctionsIntegrationTests : No active profile set, falling back to 1 default profile: "default"
2024-06-15 13:48:06.272  INFO 2930 --- [    Test worker] p.d.DispatchingFunctionsIntegrationTests : Started DispatchingFunctionsIntegrationTests in 0.169 seconds (JVM running for 7.459)
2024-06-15 13:48:06.286  INFO 2930 --- [    Test worker] c.p.d.DispatchingFunctions               : The order with id 121 is packed.
2024-06-15 13:48:06.361  INFO 2930 --- [    Test worker] c.p.d.DispatchingFunctions               : The order with id 121 is labeled.
]]></system-out>
  <system-err><![CDATA[]]></system-err>
</testsuite>
